<?xml version='1.0' encoding='UTF-8'?>
<testsuite hostname="Dmitry-THINK" name="example.ListsSuite" tests="9" errors="0" failures="0" time="0.059">
                     <properties>
[...]
</properties>
                     <testcase classname="example.ListsSuite" name="one plus one is two" time="0.038">
                                                 
                                               </testcase><testcase classname="example.ListsSuite" name="intNotZero throws an exception if its argument is 0" time="0.0020">
                                                 
                                               </testcase><testcase classname="example.ListsSuite" name="sum of a few numbers" time="0.014">
                                                 
                                               </testcase><testcase classname="example.ListsSuite" name="max of a few numbers" time="0.0">
                                                 
                                               </testcase><testcase classname="example.ListsSuite" name="sum of a few numbers2" time="0.0">
                                                 
                                               </testcase><testcase classname="example.ListsSuite" name="max of a few numbers2" time="0.0010">
                                                 
                                               </testcase><testcase classname="example.ListsSuite" name="sum of a empty set" time="0.0010">
                                                 
                                               </testcase><testcase classname="example.ListsSuite" name="max NoSuchElementException for empty list" time="0.0020">
                                                 
                                               </testcase><testcase classname="example.ListsSuite" name="max of one element" time="0.0010">
                                                 
                                               </testcase>
                     <system-out></system-out>
                     <system-err></system-err>
                   </testsuite>